Restoring modules from user's dl
'(MaxRetryError("HTTPSConnectionPool(host='huggingface.co', port=443): Max retries exceeded with url: /openai/clip-vit-base-patch32/resolve/main/config.json (Caused by NewConnectionError('<urllib3.connection.HTTPSConnection object at 0x1505e42031c0>: Failed to establish a new connection: [Errno 101] Network is unreachable'))"), '(Request ID: 6fcafc40-27fb-4bf3-a139-5c728c105a7d)')' thrown while requesting HEAD https://huggingface.co/openai/clip-vit-base-patch32/resolve/main/config.json
WARNING:huggingface_hub.utils._http:'(MaxRetryError("HTTPSConnectionPool(host='huggingface.co', port=443): Max retries exceeded with url: /openai/clip-vit-base-patch32/resolve/main/config.json (Caused by NewConnectionError('<urllib3.connection.HTTPSConnection object at 0x1505e42031c0>: Failed to establish a new connection: [Errno 101] Network is unreachable'))"), '(Request ID: 6fcafc40-27fb-4bf3-a139-5c728c105a7d)')' thrown while requesting HEAD https://huggingface.co/openai/clip-vit-base-patch32/resolve/main/config.json
Retrying in 1s [Retry 1/5].
WARNING:huggingface_hub.utils._http:Retrying in 1s [Retry 1/5].
'(MaxRetryError("HTTPSConnectionPool(host='huggingface.co', port=443): Max retries exceeded with url: /openai/clip-vit-base-patch32/resolve/main/config.json (Caused by NewConnectionError('<urllib3.connection.HTTPSConnection object at 0x1505e41559c0>: Failed to establish a new connection: [Errno 101] Network is unreachable'))"), '(Request ID: bfabc044-fefe-462a-8bd1-21ef0c081843)')' thrown while requesting HEAD https://huggingface.co/openai/clip-vit-base-patch32/resolve/main/config.json
WARNING:huggingface_hub.utils._http:'(MaxRetryError("HTTPSConnectionPool(host='huggingface.co', port=443): Max retries exceeded with url: /openai/clip-vit-base-patch32/resolve/main/config.json (Caused by NewConnectionError('<urllib3.connection.HTTPSConnection object at 0x1505e41559c0>: Failed to establish a new connection: [Errno 101] Network is unreachable'))"), '(Request ID: bfabc044-fefe-462a-8bd1-21ef0c081843)')' thrown while requesting HEAD https://huggingface.co/openai/clip-vit-base-patch32/resolve/main/config.json
Retrying in 2s [Retry 2/5].
WARNING:huggingface_hub.utils._http:Retrying in 2s [Retry 2/5].
'(MaxRetryError("HTTPSConnectionPool(host='huggingface.co', port=443): Max retries exceeded with url: /openai/clip-vit-base-patch32/resolve/main/config.json (Caused by NewConnectionError('<urllib3.connection.HTTPSConnection object at 0x1505e42026b0>: Failed to establish a new connection: [Errno 101] Network is unreachable'))"), '(Request ID: 6126c117-d75b-4b44-97f4-a01a5b688d4f)')' thrown while requesting HEAD https://huggingface.co/openai/clip-vit-base-patch32/resolve/main/config.json
WARNING:huggingface_hub.utils._http:'(MaxRetryError("HTTPSConnectionPool(host='huggingface.co', port=443): Max retries exceeded with url: /openai/clip-vit-base-patch32/resolve/main/config.json (Caused by NewConnectionError('<urllib3.connection.HTTPSConnection object at 0x1505e42026b0>: Failed to establish a new connection: [Errno 101] Network is unreachable'))"), '(Request ID: 6126c117-d75b-4b44-97f4-a01a5b688d4f)')' thrown while requesting HEAD https://huggingface.co/openai/clip-vit-base-patch32/resolve/main/config.json
Retrying in 4s [Retry 3/5].
WARNING:huggingface_hub.utils._http:Retrying in 4s [Retry 3/5].
'(MaxRetryError("HTTPSConnectionPool(host='huggingface.co', port=443): Max retries exceeded with url: /openai/clip-vit-base-patch32/resolve/main/config.json (Caused by NewConnectionError('<urllib3.connection.HTTPSConnection object at 0x1505e42015a0>: Failed to establish a new connection: [Errno 101] Network is unreachable'))"), '(Request ID: 604d2e92-6cf8-447b-9858-ac5a6f071ceb)')' thrown while requesting HEAD https://huggingface.co/openai/clip-vit-base-patch32/resolve/main/config.json
WARNING:huggingface_hub.utils._http:'(MaxRetryError("HTTPSConnectionPool(host='huggingface.co', port=443): Max retries exceeded with url: /openai/clip-vit-base-patch32/resolve/main/config.json (Caused by NewConnectionError('<urllib3.connection.HTTPSConnection object at 0x1505e42015a0>: Failed to establish a new connection: [Errno 101] Network is unreachable'))"), '(Request ID: 604d2e92-6cf8-447b-9858-ac5a6f071ceb)')' thrown while requesting HEAD https://huggingface.co/openai/clip-vit-base-patch32/resolve/main/config.json
Retrying in 8s [Retry 4/5].
WARNING:huggingface_hub.utils._http:Retrying in 8s [Retry 4/5].
'(MaxRetryError("HTTPSConnectionPool(host='huggingface.co', port=443): Max retries exceeded with url: /openai/clip-vit-base-patch32/resolve/main/config.json (Caused by NewConnectionError('<urllib3.connection.HTTPSConnection object at 0x1505e4202050>: Failed to establish a new connection: [Errno 101] Network is unreachable'))"), '(Request ID: 59d13380-2a1d-46bd-8e3a-071a0a1be444)')' thrown while requesting HEAD https://huggingface.co/openai/clip-vit-base-patch32/resolve/main/config.json
WARNING:huggingface_hub.utils._http:'(MaxRetryError("HTTPSConnectionPool(host='huggingface.co', port=443): Max retries exceeded with url: /openai/clip-vit-base-patch32/resolve/main/config.json (Caused by NewConnectionError('<urllib3.connection.HTTPSConnection object at 0x1505e4202050>: Failed to establish a new connection: [Errno 101] Network is unreachable'))"), '(Request ID: 59d13380-2a1d-46bd-8e3a-071a0a1be444)')' thrown while requesting HEAD https://huggingface.co/openai/clip-vit-base-patch32/resolve/main/config.json
Retrying in 8s [Retry 5/5].
WARNING:huggingface_hub.utils._http:Retrying in 8s [Retry 5/5].
'(MaxRetryError("HTTPSConnectionPool(host='huggingface.co', port=443): Max retries exceeded with url: /openai/clip-vit-base-patch32/resolve/main/config.json (Caused by NewConnectionError('<urllib3.connection.HTTPSConnection object at 0x1505e4201a20>: Failed to establish a new connection: [Errno 101] Network is unreachable'))"), '(Request ID: 2763bcb5-6ae1-434b-85d2-4ad0dbfb4248)')' thrown while requesting HEAD https://huggingface.co/openai/clip-vit-base-patch32/resolve/main/config.json
WARNING:huggingface_hub.utils._http:'(MaxRetryError("HTTPSConnectionPool(host='huggingface.co', port=443): Max retries exceeded with url: /openai/clip-vit-base-patch32/resolve/main/config.json (Caused by NewConnectionError('<urllib3.connection.HTTPSConnection object at 0x1505e4201a20>: Failed to establish a new connection: [Errno 101] Network is unreachable'))"), '(Request ID: 2763bcb5-6ae1-434b-85d2-4ad0dbfb4248)')' thrown while requesting HEAD https://huggingface.co/openai/clip-vit-base-patch32/resolve/main/config.json
'(MaxRetryError("HTTPSConnectionPool(host='huggingface.co', port=443): Max retries exceeded with url: /openai/clip-vit-base-patch32/resolve/main/config.json (Caused by NewConnectionError('<urllib3.connection.HTTPSConnection object at 0x1505e4202290>: Failed to establish a new connection: [Errno 101] Network is unreachable'))"), '(Request ID: 40cbfd5f-5a1e-4adc-a5dd-ff106ab24919)')' thrown while requesting HEAD https://huggingface.co/openai/clip-vit-base-patch32/resolve/main/config.json
WARNING:huggingface_hub.utils._http:'(MaxRetryError("HTTPSConnectionPool(host='huggingface.co', port=443): Max retries exceeded with url: /openai/clip-vit-base-patch32/resolve/main/config.json (Caused by NewConnectionError('<urllib3.connection.HTTPSConnection object at 0x1505e4202290>: Failed to establish a new connection: [Errno 101] Network is unreachable'))"), '(Request ID: 40cbfd5f-5a1e-4adc-a5dd-ff106ab24919)')' thrown while requesting HEAD https://huggingface.co/openai/clip-vit-base-patch32/resolve/main/config.json
Retrying in 1s [Retry 1/5].
WARNING:huggingface_hub.utils._http:Retrying in 1s [Retry 1/5].
'(MaxRetryError("HTTPSConnectionPool(host='huggingface.co', port=443): Max retries exceeded with url: /openai/clip-vit-base-patch32/resolve/main/config.json (Caused by NewConnectionError('<urllib3.connection.HTTPSConnection object at 0x1505e4201720>: Failed to establish a new connection: [Errno 101] Network is unreachable'))"), '(Request ID: 155cb158-f23d-40fc-afad-072744e8a2e5)')' thrown while requesting HEAD https://huggingface.co/openai/clip-vit-base-patch32/resolve/main/config.json
WARNING:huggingface_hub.utils._http:'(MaxRetryError("HTTPSConnectionPool(host='huggingface.co', port=443): Max retries exceeded with url: /openai/clip-vit-base-patch32/resolve/main/config.json (Caused by NewConnectionError('<urllib3.connection.HTTPSConnection object at 0x1505e4201720>: Failed to establish a new connection: [Errno 101] Network is unreachable'))"), '(Request ID: 155cb158-f23d-40fc-afad-072744e8a2e5)')' thrown while requesting HEAD https://huggingface.co/openai/clip-vit-base-patch32/resolve/main/config.json
Retrying in 2s [Retry 2/5].
WARNING:huggingface_hub.utils._http:Retrying in 2s [Retry 2/5].
'(MaxRetryError("HTTPSConnectionPool(host='huggingface.co', port=443): Max retries exceeded with url: /openai/clip-vit-base-patch32/resolve/main/config.json (Caused by NewConnectionError('<urllib3.connection.HTTPSConnection object at 0x1505e4203460>: Failed to establish a new connection: [Errno 101] Network is unreachable'))"), '(Request ID: ea242c4e-6fb5-4a87-9ce2-474156e42167)')' thrown while requesting HEAD https://huggingface.co/openai/clip-vit-base-patch32/resolve/main/config.json
WARNING:huggingface_hub.utils._http:'(MaxRetryError("HTTPSConnectionPool(host='huggingface.co', port=443): Max retries exceeded with url: /openai/clip-vit-base-patch32/resolve/main/config.json (Caused by NewConnectionError('<urllib3.connection.HTTPSConnection object at 0x1505e4203460>: Failed to establish a new connection: [Errno 101] Network is unreachable'))"), '(Request ID: ea242c4e-6fb5-4a87-9ce2-474156e42167)')' thrown while requesting HEAD https://huggingface.co/openai/clip-vit-base-patch32/resolve/main/config.json
Retrying in 4s [Retry 3/5].
WARNING:huggingface_hub.utils._http:Retrying in 4s [Retry 3/5].
'(MaxRetryError("HTTPSConnectionPool(host='huggingface.co', port=443): Max retries exceeded with url: /openai/clip-vit-base-patch32/resolve/main/config.json (Caused by NewConnectionError('<urllib3.connection.HTTPSConnection object at 0x1505e4157e50>: Failed to establish a new connection: [Errno 101] Network is unreachable'))"), '(Request ID: 19a3c101-516b-4215-bee5-e92d753230bb)')' thrown while requesting HEAD https://huggingface.co/openai/clip-vit-base-patch32/resolve/main/config.json
WARNING:huggingface_hub.utils._http:'(MaxRetryError("HTTPSConnectionPool(host='huggingface.co', port=443): Max retries exceeded with url: /openai/clip-vit-base-patch32/resolve/main/config.json (Caused by NewConnectionError('<urllib3.connection.HTTPSConnection object at 0x1505e4157e50>: Failed to establish a new connection: [Errno 101] Network is unreachable'))"), '(Request ID: 19a3c101-516b-4215-bee5-e92d753230bb)')' thrown while requesting HEAD https://huggingface.co/openai/clip-vit-base-patch32/resolve/main/config.json
Retrying in 8s [Retry 4/5].
WARNING:huggingface_hub.utils._http:Retrying in 8s [Retry 4/5].
'(MaxRetryError("HTTPSConnectionPool(host='huggingface.co', port=443): Max retries exceeded with url: /openai/clip-vit-base-patch32/resolve/main/config.json (Caused by NewConnectionError('<urllib3.connection.HTTPSConnection object at 0x1505e4203460>: Failed to establish a new connection: [Errno 101] Network is unreachable'))"), '(Request ID: 23da81ee-73c2-4a2f-8881-52bca2b20cfc)')' thrown while requesting HEAD https://huggingface.co/openai/clip-vit-base-patch32/resolve/main/config.json
WARNING:huggingface_hub.utils._http:'(MaxRetryError("HTTPSConnectionPool(host='huggingface.co', port=443): Max retries exceeded with url: /openai/clip-vit-base-patch32/resolve/main/config.json (Caused by NewConnectionError('<urllib3.connection.HTTPSConnection object at 0x1505e4203460>: Failed to establish a new connection: [Errno 101] Network is unreachable'))"), '(Request ID: 23da81ee-73c2-4a2f-8881-52bca2b20cfc)')' thrown while requesting HEAD https://huggingface.co/openai/clip-vit-base-patch32/resolve/main/config.json
Retrying in 8s [Retry 5/5].
WARNING:huggingface_hub.utils._http:Retrying in 8s [Retry 5/5].
'(MaxRetryError("HTTPSConnectionPool(host='huggingface.co', port=443): Max retries exceeded with url: /openai/clip-vit-base-patch32/resolve/main/config.json (Caused by NewConnectionError('<urllib3.connection.HTTPSConnection object at 0x1505e4201720>: Failed to establish a new connection: [Errno 101] Network is unreachable'))"), '(Request ID: 3542c27d-bf15-4304-b1b1-5067ebf43143)')' thrown while requesting HEAD https://huggingface.co/openai/clip-vit-base-patch32/resolve/main/config.json
WARNING:huggingface_hub.utils._http:'(MaxRetryError("HTTPSConnectionPool(host='huggingface.co', port=443): Max retries exceeded with url: /openai/clip-vit-base-patch32/resolve/main/config.json (Caused by NewConnectionError('<urllib3.connection.HTTPSConnection object at 0x1505e4201720>: Failed to establish a new connection: [Errno 101] Network is unreachable'))"), '(Request ID: 3542c27d-bf15-4304-b1b1-5067ebf43143)')' thrown while requesting HEAD https://huggingface.co/openai/clip-vit-base-patch32/resolve/main/config.json
Traceback (most recent call last):
  File "/scratch/user/shubhammhaske/vfm_env/lib/python3.10/site-packages/urllib3/connection.py", line 198, in _new_conn
    sock = connection.create_connection(
  File "/scratch/user/shubhammhaske/vfm_env/lib/python3.10/site-packages/urllib3/util/connection.py", line 85, in create_connection
    raise err
  File "/scratch/user/shubhammhaske/vfm_env/lib/python3.10/site-packages/urllib3/util/connection.py", line 73, in create_connection
    sock.connect(sa)
OSError: [Errno 101] Network is unreachable

The above exception was the direct cause of the following exception:

Traceback (most recent call last):
  File "/scratch/user/shubhammhaske/vfm_env/lib/python3.10/site-packages/urllib3/connectionpool.py", line 787, in urlopen
    response = self._make_request(
  File "/scratch/user/shubhammhaske/vfm_env/lib/python3.10/site-packages/urllib3/connectionpool.py", line 488, in _make_request
    raise new_e
  File "/scratch/user/shubhammhaske/vfm_env/lib/python3.10/site-packages/urllib3/connectionpool.py", line 464, in _make_request
    self._validate_conn(conn)
  File "/scratch/user/shubhammhaske/vfm_env/lib/python3.10/site-packages/urllib3/connectionpool.py", line 1093, in _validate_conn
    conn.connect()
  File "/scratch/user/shubhammhaske/vfm_env/lib/python3.10/site-packages/urllib3/connection.py", line 753, in connect
    self.sock = sock = self._new_conn()
  File "/scratch/user/shubhammhaske/vfm_env/lib/python3.10/site-packages/urllib3/connection.py", line 213, in _new_conn
    raise NewConnectionError(
urllib3.exceptions.NewConnectionError: <urllib3.connection.HTTPSConnection object at 0x1505e4201720>: Failed to establish a new connection: [Errno 101] Network is unreachable

The above exception was the direct cause of the following exception:

Traceback (most recent call last):
  File "/scratch/user/shubhammhaske/vfm_env/lib/python3.10/site-packages/requests/adapters.py", line 644, in send
    resp = conn.urlopen(
  File "/scratch/user/shubhammhaske/vfm_env/lib/python3.10/site-packages/urllib3/connectionpool.py", line 841, in urlopen
    retries = retries.increment(
  File "/scratch/user/shubhammhaske/vfm_env/lib/python3.10/site-packages/urllib3/util/retry.py", line 519, in increment
    raise MaxRetryError(_pool, url, reason) from reason  # type: ignore[arg-type]
urllib3.exceptions.MaxRetryError: HTTPSConnectionPool(host='huggingface.co', port=443): Max retries exceeded with url: /openai/clip-vit-base-patch32/resolve/main/config.json (Caused by NewConnectionError('<urllib3.connection.HTTPSConnection object at 0x1505e4201720>: Failed to establish a new connection: [Errno 101] Network is unreachable'))

During handling of the above exception, another exception occurred:

Traceback (most recent call last):
  File "/scratch/user/shubhammhaske/vfm_env/lib/python3.10/site-packages/huggingface_hub/file_download.py", line 1543, in _get_metadata_or_catch_error
    metadata = get_hf_file_metadata(
  File "/scratch/user/shubhammhaske/vfm_env/lib/python3.10/site-packages/huggingface_hub/utils/_validators.py", line 114, in _inner_fn
    return fn(*args, **kwargs)
  File "/scratch/user/shubhammhaske/vfm_env/lib/python3.10/site-packages/huggingface_hub/file_download.py", line 1460, in get_hf_file_metadata
    r = _request_wrapper(
  File "/scratch/user/shubhammhaske/vfm_env/lib/python3.10/site-packages/huggingface_hub/file_download.py", line 283, in _request_wrapper
    response = _request_wrapper(
  File "/scratch/user/shubhammhaske/vfm_env/lib/python3.10/site-packages/huggingface_hub/file_download.py", line 306, in _request_wrapper
    response = http_backoff(method=method, url=url, **params)
  File "/scratch/user/shubhammhaske/vfm_env/lib/python3.10/site-packages/huggingface_hub/utils/_http.py", line 325, in http_backoff
    raise err
  File "/scratch/user/shubhammhaske/vfm_env/lib/python3.10/site-packages/huggingface_hub/utils/_http.py", line 306, in http_backoff
    response = session.request(method=method, url=url, **kwargs)
  File "/scratch/user/shubhammhaske/vfm_env/lib/python3.10/site-packages/requests/sessions.py", line 589, in request
    resp = self.send(prep, **send_kwargs)
  File "/scratch/user/shubhammhaske/vfm_env/lib/python3.10/site-packages/requests/sessions.py", line 703, in send
    r = adapter.send(request, **kwargs)
  File "/scratch/user/shubhammhaske/vfm_env/lib/python3.10/site-packages/huggingface_hub/utils/_http.py", line 95, in send
    return super().send(request, *args, **kwargs)
  File "/scratch/user/shubhammhaske/vfm_env/lib/python3.10/site-packages/requests/adapters.py", line 677, in send
    raise ConnectionError(e, request=request)
requests.exceptions.ConnectionError: (MaxRetryError("HTTPSConnectionPool(host='huggingface.co', port=443): Max retries exceeded with url: /openai/clip-vit-base-patch32/resolve/main/config.json (Caused by NewConnectionError('<urllib3.connection.HTTPSConnection object at 0x1505e4201720>: Failed to establish a new connection: [Errno 101] Network is unreachable'))"), '(Request ID: 3542c27d-bf15-4304-b1b1-5067ebf43143)')

The above exception was the direct cause of the following exception:

Traceback (most recent call last):
  File "/scratch/user/shubhammhaske/vfm_env/lib/python3.10/site-packages/transformers/utils/hub.py", line 479, in cached_files
    hf_hub_download(
  File "/scratch/user/shubhammhaske/vfm_env/lib/python3.10/site-packages/huggingface_hub/utils/_validators.py", line 114, in _inner_fn
    return fn(*args, **kwargs)
  File "/scratch/user/shubhammhaske/vfm_env/lib/python3.10/site-packages/huggingface_hub/file_download.py", line 1007, in hf_hub_download
    return _hf_hub_download_to_cache_dir(
  File "/scratch/user/shubhammhaske/vfm_env/lib/python3.10/site-packages/huggingface_hub/file_download.py", line 1114, in _hf_hub_download_to_cache_dir
    _raise_on_head_call_error(head_call_error, force_download, local_files_only)
  File "/scratch/user/shubhammhaske/vfm_env/lib/python3.10/site-packages/huggingface_hub/file_download.py", line 1658, in _raise_on_head_call_error
    raise LocalEntryNotFoundError(
huggingface_hub.errors.LocalEntryNotFoundError: An error happened while trying to locate the file on the Hub and we cannot find the requested files in the local cache. Please check your connection and try again or make sure your Internet connection is on.

The above exception was the direct cause of the following exception:

Traceback (most recent call last):
  File "/scratch/user/shubhammhaske/vfm_project/src/evaluate_full_pipeline.py", line 375, in <module>
    main()
  File "/scratch/user/shubhammhaske/vfm_project/src/evaluate_full_pipeline.py", line 248, in main
    clip_classifier = CLIPClassifier(device=device)
  File "/scratch/user/shubhammhaske/vfm_project/src/clip_classification.py", line 56, in __init__
    self.model = CLIPModel.from_pretrained(model_name).to(self.device)
  File "/scratch/user/shubhammhaske/vfm_env/lib/python3.10/site-packages/transformers/modeling_utils.py", line 277, in _wrapper
    return func(*args, **kwargs)
  File "/scratch/user/shubhammhaske/vfm_env/lib/python3.10/site-packages/transformers/modeling_utils.py", line 4843, in from_pretrained
    config, model_kwargs = cls.config_class.from_pretrained(
  File "/scratch/user/shubhammhaske/vfm_env/lib/python3.10/site-packages/transformers/configuration_utils.py", line 622, in from_pretrained
    config_dict, kwargs = cls.get_config_dict(pretrained_model_name_or_path, **kwargs)
  File "/scratch/user/shubhammhaske/vfm_env/lib/python3.10/site-packages/transformers/configuration_utils.py", line 662, in get_config_dict
    config_dict, kwargs = cls._get_config_dict(pretrained_model_name_or_path, **kwargs)
  File "/scratch/user/shubhammhaske/vfm_env/lib/python3.10/site-packages/transformers/configuration_utils.py", line 721, in _get_config_dict
    resolved_config_file = cached_file(
  File "/scratch/user/shubhammhaske/vfm_env/lib/python3.10/site-packages/transformers/utils/hub.py", line 322, in cached_file
    file = cached_files(path_or_repo_id=path_or_repo_id, filenames=[filename], **kwargs)
  File "/scratch/user/shubhammhaske/vfm_env/lib/python3.10/site-packages/transformers/utils/hub.py", line 553, in cached_files
    raise OSError(
OSError: We couldn't connect to 'https://huggingface.co' to load the files, and couldn't find them in the cached files.
Check your internet connection or see how to run the library in offline mode at 'https://huggingface.co/docs/transformers/installation#offline-mode'.
